<?xml version="1.0" encoding="utf-8"?><testsuites name="pytest tests"><testsuite name="pytest" errors="0" failures="0" skipped="0" tests="16" time="1.842" timestamp="2026-01-30T22:51:55.969017+00:00" hostname="agent-env-d28a47a8-3696-4472-8637-ef6cf48608f7"><testcase classname="backend.tests.test_cloudduka_features.TestAuthLogin" name="test_login_success" time="0.325" /><testcase classname="backend.tests.test_cloudduka_features.TestAuthLogin" name="test_login_invalid_credentials" time="0.045" /><testcase classname="backend.tests.test_cloudduka_features.TestAuthLogin" name="test_login_missing_fields" time="0.082" /><testcase classname="backend.tests.test_cloudduka_features.TestCreditCustomers" name="test_create_credit_customer" time="0.306" /><testcase classname="backend.tests.test_cloudduka_features.TestCreditCustomers" name="test_list_credit_customers" time="0.039" /><testcase classname="backend.tests.test_cloudduka_features.TestCreditCustomers" name="test_get_credit_customer_by_id" time="0.078" /><testcase classname="backend.tests.test_cloudduka_features.TestCreditCustomers" name="test_update_credit_customer" time="0.084" /><testcase classname="backend.tests.test_cloudduka_features.TestProducts" name="test_create_product" time="0.042" /><testcase classname="backend.tests.test_cloudduka_features.TestProducts" name="test_list_products" time="0.038" /><testcase classname="backend.tests.test_cloudduka_features.TestProducts" name="test_update_product_stock" time="0.074" /><testcase classname="backend.tests.test_cloudduka_features.TestCreditSaleFlow" name="test_credit_sale_updates_customer_balance" time="0.207" /><testcase classname="backend.tests.test_cloudduka_features.TestDashboard" name="test_dashboard_stats" time="0.046" /><testcase classname="backend.tests.test_cloudduka_features.TestCreditPayment" name="test_record_credit_payment" time="0.196" /><testcase classname="backend.tests.test_cloudduka_features.TestCreditHistory" name="test_get_credit_history" time="0.073" /><testcase classname="backend.tests.test_cloudduka_features.TestSalesListing" name="test_list_sales" time="0.040" /><testcase classname="backend.tests.test_cloudduka_features.TestCreditReport" name="test_credit_report" time="0.041" /></testsuite></testsuites>